Using pre-set license
Built from '2021.1/staging' branch; Version is '2021.1.9f1 (7a790e367ab3) revision 8026382'; Using compiler version '192528614'; Build Type 'Release'
OS: 'Windows 10 Pro; OS build 19042.1348; Version 2009; 64bit' Language: 'en' Physical Memory: 8109 MB
BatchMode: 1, IsHumanControllingUs: 0, StartBugReporterOnCrash: 0, Is64bit: 1, IsPro: 0

 COMMAND LINE ARGUMENTS:
C:\Program Files\Unity\Hub\Editor\2021.1.9f1\Editor\Unity.exe
-adb2
-batchMode
-noUpm
-name
AssetImportWorker1
-projectPath
C:/Users/oetre/OneDrive/Documents/GameProjects/Unity Projects/Secret-Santa-Jam/SpaceCafe
-logFile
Logs/AssetImportWorker1.log
-srvPort
50292
Successfully changed project path to: C:/Users/oetre/OneDrive/Documents/GameProjects/Unity Projects/Secret-Santa-Jam/SpaceCafe
C:/Users/oetre/OneDrive/Documents/GameProjects/Unity Projects/Secret-Santa-Jam/SpaceCafe
Using Asset Import Pipeline V2.
Refreshing native plugins compatible for Editor in 135.42 ms, found 4 plugins.
Preloading 0 native plugins for Editor in 0.00 ms.
Initialize engine version: 2021.1.9f1 (7a790e367ab3)
[Subsystems] Discovering subsystems at path C:/Program Files/Unity/Hub/Editor/2021.1.9f1/Editor/Data/Resources/UnitySubsystems
[Subsystems] Discovering subsystems at path C:/Users/oetre/OneDrive/Documents/GameProjects/Unity Projects/Secret-Santa-Jam/SpaceCafe/Assets
GfxDevice: creating device client; threaded=0; jobified=0
Direct3D:
    Version:  Direct3D 11.0 [level 11.1]
    Renderer: Intel(R) HD Graphics 620 (ID=0x5916)
    Vendor:   Intel
    VRAM:     4054 MB
    Driver:   27.20.100.8682
Initialize mono
Mono path[0] = 'C:/Program Files/Unity/Hub/Editor/2021.1.9f1/Editor/Data/Managed'
Mono path[1] = 'C:/Program Files/Unity/Hub/Editor/2021.1.9f1/Editor/Data/MonoBleedingEdge/lib/mono/unityjit'
Mono config path = 'C:/Program Files/Unity/Hub/Editor/2021.1.9f1/Editor/Data/MonoBleedingEdge/etc'
Using monoOptions --debugger-agent=transport=dt_socket,embedding=1,server=y,suspend=n,address=127.0.0.1:56344
Begin MonoManager ReloadAssembly
Registering precompiled unity dll's ...
Register platform support module: C:/Program Files/Unity/Hub/Editor/2021.1.9f1/Editor/Data/PlaybackEngines/WebGLSupport/UnityEditor.WebGL.Extensions.dll
Register platform support module: C:/Program Files/Unity/Hub/Editor/2021.1.9f1/Editor/Data/PlaybackEngines/WindowsStandaloneSupport/UnityEditor.WindowsStandalone.Extensions.dll
Registered in 0.003657 seconds.
Native extension for WindowsStandalone target not found
Native extension for WebGL target not found
Refreshing native plugins compatible for Editor in 125.52 ms, found 4 plugins.
Preloading 0 native plugins for Editor in 0.00 ms.
Mono: successfully reloaded assembly
- Completed reload, in  1.893 seconds
Domain Reload Profiling:
	ReloadAssembly (1893ms)
		BeginReloadAssembly (79ms)
			ExecutionOrderSort (0ms)
			DisableScriptedObjects (0ms)
			BackupInstance (0ms)
			ReleaseScriptingObjects (0ms)
			CreateAndSetChildDomain (1ms)
		EndReloadAssembly (721ms)
			LoadAssemblies (75ms)
			RebuildTransferFunctionScriptingTraits (0ms)
			SetupTypeCache (290ms)
			ReleaseScriptCaches (0ms)
			RebuildScriptCaches (47ms)
			SetupLoadedEditorAssemblies (314ms)
				LogAssemblyErrors (0ms)
				InitializePlatformSupportModulesInManaged (9ms)
				SetLoadedEditorAssemblies (0ms)
				RefreshPlugins (126ms)
				BeforeProcessingInitializeOnLoad (2ms)
				ProcessInitializeOnLoadAttributes (128ms)
				ProcessInitializeOnLoadMethodAttributes (49ms)
				AfterProcessingInitializeOnLoad (0ms)
				EditorAssembliesLoaded (0ms)
			ExecutionOrderSort2 (0ms)
			AwakeInstancesAfterBackupRestoration (0ms)
Platform modules already initialized, skipping
Registering precompiled user dll's ...
Registered in 0.018041 seconds.
Begin MonoManager ReloadAssembly
Symbol file LoadedFromMemory doesn't match image C:\Users\oetre\OneDrive\Documents\GameProjects\Unity Projects\Secret-Santa-Jam\SpaceCafe\Library\PackageCache\com.unity.visualscripting@1.6.1\Editor\VisualScripting.Core\Dependencies\YamlDotNet\Unity.VisualScripting.YamlDotNet.dll
Symbol file LoadedFromMemory doesn't match image C:\Users\oetre\OneDrive\Documents\GameProjects\Unity Projects\Secret-Santa-Jam\SpaceCafe\Library\PackageCache\com.unity.visualscripting@1.6.1\Editor\VisualScripting.Core\Dependencies\DotNetZip\Unity.VisualScripting.IonicZip.dll
Native extension for WindowsStandalone target not found
Native extension for WebGL target not found
Refreshing native plugins compatible for Editor in 122.58 ms, found 4 plugins.
Preloading 0 native plugins for Editor in 0.00 ms.
Mono: successfully reloaded assembly
- Completed reload, in  1.726 seconds
Domain Reload Profiling:
	ReloadAssembly (1727ms)
		BeginReloadAssembly (191ms)
			ExecutionOrderSort (0ms)
			DisableScriptedObjects (5ms)
			BackupInstance (0ms)
			ReleaseScriptingObjects (0ms)
			CreateAndSetChildDomain (23ms)
		EndReloadAssembly (1455ms)
			LoadAssemblies (224ms)
			RebuildTransferFunctionScriptingTraits (0ms)
			SetupTypeCache (477ms)
			ReleaseScriptCaches (1ms)
			RebuildScriptCaches (64ms)
			SetupLoadedEditorAssemblies (567ms)
				LogAssemblyErrors (0ms)
				InitializePlatformSupportModulesInManaged (7ms)
				SetLoadedEditorAssemblies (0ms)
				RefreshPlugins (123ms)
				BeforeProcessingInitializeOnLoad (119ms)
				ProcessInitializeOnLoadAttributes (291ms)
				ProcessInitializeOnLoadMethodAttributes (19ms)
				AfterProcessingInitializeOnLoad (8ms)
				EditorAssembliesLoaded (0ms)
			ExecutionOrderSort2 (0ms)
			AwakeInstancesAfterBackupRestoration (8ms)
Platform modules already initialized, skipping
========================================================================
Worker process is ready to serve import requests
Launched and connected shader compiler UnityShaderCompiler.exe after 0.07 seconds
Refreshing native plugins compatible for Editor in 0.81 ms, found 4 plugins.
Preloading 0 native plugins for Editor in 0.00 ms.
Unloading 3663 Unused Serialized files (Serialized files now loaded: 0)
System memory in use before: 137.2 MB.
System memory in use after: 137.2 MB.

Unloading 37 unused Assets to reduce memory usage. Loaded Objects now: 4107.
Total: 3.454600 ms (FindLiveObjects: 0.332000 ms CreateObjectMapping: 0.182500 ms MarkObjects: 2.805900 ms  DeleteObjects: 0.132800 ms)

AssetImportParameters requested are different than current active one (requested -> active):
  custom:framework-win-MediaFoundation: 216162199b28c13a410421893ffa2e32 -> 
  custom:video-decoder-ogg-theora: a1e56fd34408186e4bbccfd4996cb3dc -> 
  custom:container-muxer-webm: aa71ff27fc2769a1b78a27578f13a17b -> 
  custom:container-demuxer-webm: 4f35f7cbe854078d1ac9338744f61a02 -> 
  custom:container-demuxer-ogg: 62fdf1f143b41e24485cea50d1cbac27 -> 
  custom:video-encoder-webm-vp8: eb34c28f22e8b96e1ab97ce403110664 -> 
  custom:video-codec-MediaFoundation-h265: 746d11721c4dcdbdad8f713fa42b33f4 -> 
  custom:video-decoder-webm-vp8: 9c59270c3fd7afecdb556c50c9e8de78 -> 
  custom:audio-decoder-ogg-vorbis: bf7c407c2cedff20999df2af8eb42d56 -> 
  custom:audio-encoder-webm-vorbis: bf7c407c2cedff20999df2af8eb42d56 -> 
========================================================================
Received Import Request.
  path: Assets/Art/SampleSprites
  artifactKey: Guid(a74c2cade29b4f0428f846cb2aa52418) Importer(815301076,1909f56bfc062723c751e8b465ee728b)
Start importing Assets/Art/SampleSprites using Guid(a74c2cade29b4f0428f846cb2aa52418) Importer(815301076,1909f56bfc062723c751e8b465ee728b)  -> (artifact id: '4ca641caa89176de9371768ffeebfc77') in 0.013657 seconds 
========================================================================
Received Import Request.
  Time since last request: 0.216744 seconds.
  path: Assets/Art/Characters
  artifactKey: Guid(a78b70f18b48b814c916756ecab272b0) Importer(815301076,1909f56bfc062723c751e8b465ee728b)
Start importing Assets/Art/Characters using Guid(a78b70f18b48b814c916756ecab272b0) Importer(815301076,1909f56bfc062723c751e8b465ee728b)  -> (artifact id: 'ccff84ca29ff8792236c35762aab02a0') in 0.017246 seconds 
========================================================================
Received Import Request.
  Time since last request: 6.839919 seconds.
  path: Assets/Art/Backgrounds
  artifactKey: Guid(2c63a11140241fd45a8a8ee169b3ffab) Importer(815301076,1909f56bfc062723c751e8b465ee728b)
Start importing Assets/Art/Backgrounds using Guid(2c63a11140241fd45a8a8ee169b3ffab) Importer(815301076,1909f56bfc062723c751e8b465ee728b)  -> (artifact id: '7c40246ddd9481bb948fc50a41903598') in 0.021760 seconds 
========================================================================
Received Import Request.
  Time since last request: 53.229592 seconds.
  path: Assets/Art/SampleSprites/RedTile.png
  artifactKey: Guid(82d88cd8a2a6ffc40a0f0dae57465ec2) Importer(815301076,1909f56bfc062723c751e8b465ee728b)
Start importing Assets/Art/SampleSprites/RedTile.png using Guid(82d88cd8a2a6ffc40a0f0dae57465ec2) Importer(815301076,1909f56bfc062723c751e8b465ee728b)  -> (artifact id: '7f0e0ffdb49d5232031aed4636e18e55') in 0.201394 seconds 
========================================================================
Received Import Request.
  Time since last request: 8.196308 seconds.
  path: Assets/Art/Samples
  artifactKey: Guid(a74c2cade29b4f0428f846cb2aa52418) Importer(815301076,1909f56bfc062723c751e8b465ee728b)
Start importing Assets/Art/Samples using Guid(a74c2cade29b4f0428f846cb2aa52418) Importer(815301076,1909f56bfc062723c751e8b465ee728b)  -> (artifact id: '047d7860bd94cb4b588b9c8ada0bd714') in 0.017772 seconds 
========================================================================
Received Import Request.
  Time since last request: 5.158903 seconds.
  path: Assets/Art
  artifactKey: Guid(c3d3662a5e7b3604091ede8453bddb01) Importer(815301076,1909f56bfc062723c751e8b465ee728b)
Start importing Assets/Art using Guid(c3d3662a5e7b3604091ede8453bddb01) Importer(815301076,1909f56bfc062723c751e8b465ee728b)  -> (artifact id: '7eb294b8fb96ea6718014884e53aab2f') in 0.021937 seconds 
========================================================================
Received Import Request.
  Time since last request: 3.163996 seconds.
  path: Assets/Sprites
  artifactKey: Guid(c3d3662a5e7b3604091ede8453bddb01) Importer(815301076,1909f56bfc062723c751e8b465ee728b)
Start importing Assets/Sprites using Guid(c3d3662a5e7b3604091ede8453bddb01) Importer(815301076,1909f56bfc062723c751e8b465ee728b)  -> (artifact id: 'c21b0e17bf71ae80d8ab5b6891375a4a') in 0.019132 seconds 
========================================================================
Received Import Request.
  Time since last request: 258.215251 seconds.
  path: Assets/Scripts
  artifactKey: Guid(51a3f32c040455345a7edea3ac63b314) Importer(815301076,1909f56bfc062723c751e8b465ee728b)
Start importing Assets/Scripts using Guid(51a3f32c040455345a7edea3ac63b314) Importer(815301076,1909f56bfc062723c751e8b465ee728b)  -> (artifact id: '9689a72b22c439296ffe636c91c0453e') in 0.054528 seconds 
========================================================================
Received Import Request.
  Time since last request: 8464.744049 seconds.
  path: Assets/Sprites/Tiles
  artifactKey: Guid(f29d6228e72df3c4aa393be58f59be5b) Importer(815301076,1909f56bfc062723c751e8b465ee728b)
Start importing Assets/Sprites/Tiles using Guid(f29d6228e72df3c4aa393be58f59be5b) Importer(815301076,1909f56bfc062723c751e8b465ee728b)  -> (artifact id: '2d15842fee84d150ea000d30cb8c6696') in 0.012297 seconds 
========================================================================
Received Import Request.
  Time since last request: 170.183019 seconds.
  path: Assets/Sprites/Samples/BlueTile.png
  artifactKey: Guid(42c1f3b2b94629e4ba886287b0e52a3a) Importer(815301076,1909f56bfc062723c751e8b465ee728b)
Start importing Assets/Sprites/Samples/BlueTile.png using Guid(42c1f3b2b94629e4ba886287b0e52a3a) Importer(815301076,1909f56bfc062723c751e8b465ee728b)  -> (artifact id: '4b01cd1bedee39226bfd7ba6704f439e') in 0.094072 seconds 
========================================================================
Received Import Request.
  Time since last request: 5.680364 seconds.
  path: Assets/Sprites/Samples/BlueTile.png
  artifactKey: Guid(42c1f3b2b94629e4ba886287b0e52a3a) Importer(815301076,1909f56bfc062723c751e8b465ee728b)
Start importing Assets/Sprites/Samples/BlueTile.png using Guid(42c1f3b2b94629e4ba886287b0e52a3a) Importer(815301076,1909f56bfc062723c751e8b465ee728b)  -> (artifact id: '7611095b9e2070c2d3f013febd7ebd05') in 0.025595 seconds 
========================================================================
Received Import Request.
  Time since last request: 243.126348 seconds.
  path: Assets/Sprites/Samples/BlueTile.png
  artifactKey: Guid(42c1f3b2b94629e4ba886287b0e52a3a) Importer(815301076,1909f56bfc062723c751e8b465ee728b)
Start importing Assets/Sprites/Samples/BlueTile.png using Guid(42c1f3b2b94629e4ba886287b0e52a3a) Importer(815301076,1909f56bfc062723c751e8b465ee728b)  -> (artifact id: 'b3f6027b0aba59e5f47aa5738e4135d3') in 0.020796 seconds 
========================================================================
Received Import Request.
  Time since last request: 5.810323 seconds.
  path: Assets/Sprites/Samples/DarkGreenTile.png
  artifactKey: Guid(65a0cb9793fbbdb4591e87446dff3d04) Importer(815301076,1909f56bfc062723c751e8b465ee728b)
Start importing Assets/Sprites/Samples/DarkGreenTile.png using Guid(65a0cb9793fbbdb4591e87446dff3d04) Importer(815301076,1909f56bfc062723c751e8b465ee728b)  -> (artifact id: '064e0170c914c0ecab9556cdca18e5fe') in 0.046763 seconds 
========================================================================
Received Import Request.
  Time since last request: 5.013999 seconds.
  path: Assets/Sprites/Samples/DarkGreenTile.png
  artifactKey: Guid(65a0cb9793fbbdb4591e87446dff3d04) Importer(815301076,1909f56bfc062723c751e8b465ee728b)
Start importing Assets/Sprites/Samples/DarkGreenTile.png using Guid(65a0cb9793fbbdb4591e87446dff3d04) Importer(815301076,1909f56bfc062723c751e8b465ee728b)  -> (artifact id: '80aa2644d2f846bd068e2354ca85cce3') in 0.022092 seconds 
========================================================================
Received Import Request.
  Time since last request: 1.160554 seconds.
  path: Assets/Sprites/Samples/GreenTile.png
  artifactKey: Guid(25d5361e99742ac40ab64c65ceb990bf) Importer(815301076,1909f56bfc062723c751e8b465ee728b)
Start importing Assets/Sprites/Samples/GreenTile.png using Guid(25d5361e99742ac40ab64c65ceb990bf) Importer(815301076,1909f56bfc062723c751e8b465ee728b)  -> (artifact id: 'e5c9984ff4b466e9cb4052bdf1ad73fc') in 0.062512 seconds 
========================================================================
Received Import Request.
  Time since last request: 0.889676 seconds.
  path: Assets/Sprites/Samples/PinkTile.png
  artifactKey: Guid(5287ca66ca1f4af4ca657da60894f304) Importer(815301076,1909f56bfc062723c751e8b465ee728b)
Start importing Assets/Sprites/Samples/PinkTile.png using Guid(5287ca66ca1f4af4ca657da60894f304) Importer(815301076,1909f56bfc062723c751e8b465ee728b)  -> (artifact id: '1b800ce8fb2a72db4db8efad85e1ffa1') in 0.059611 seconds 
========================================================================
Received Import Request.
  Time since last request: 6.172534 seconds.
  path: Assets/Sprites/Samples/PinkTile.png
  artifactKey: Guid(5287ca66ca1f4af4ca657da60894f304) Importer(815301076,1909f56bfc062723c751e8b465ee728b)
Start importing Assets/Sprites/Samples/PinkTile.png using Guid(5287ca66ca1f4af4ca657da60894f304) Importer(815301076,1909f56bfc062723c751e8b465ee728b)  -> (artifact id: '5d3b07927e499b597a6ec1ae5cf70f1b') in 0.028735 seconds 
AssetImportWorkerClient::OnTransportError - code=2 error=End of file
